<?xml version="1.0" encoding="UTF-8"?>
<!-- Generated by org.testng.reporters.JUnitReportReporter -->
<testsuite skipped="0" hostname="JEDUn4" name="com.egtinteractive.chat.server.tests.rooms.JoinRoomTest" tests="1" failures="0" timestamp="18 Jan 2019 08:40:55 GMT" time="0.040" errors="0">
  <testcase name="joinRoomTest" time="0.040" classname="com.egtinteractive.chat.server.tests.rooms.JoinRoomTest"/>
</testsuite> <!-- com.egtinteractive.chat.server.tests.rooms.JoinRoomTest -->
