<?xml version="1.0" encoding="UTF-8"?>
<!-- Generated by org.testng.reporters.JUnitReportReporter -->
<testsuite skipped="0" hostname="JEDUn4" name="com.egtinteractive.chat.server.tests.showinfo.ShowRoomsWithRoomsTest" tests="1" failures="0" timestamp="18 Jan 2019 08:40:55 GMT" time="0.043" errors="0">
  <testcase name="showRoomsWithoutRoomsTest" time="0.043" classname="com.egtinteractive.chat.server.tests.showinfo.ShowRoomsWithRoomsTest"/>
</testsuite> <!-- com.egtinteractive.chat.server.tests.showinfo.ShowRoomsWithRoomsTest -->
