<?xml version="1.0" encoding="UTF-8"?>
<!-- Generated by org.testng.reporters.JUnitReportReporter -->
<testsuite skipped="0" hostname="JEDUn4" name="com.egtinteractive.chat.server.tests.rooms.RemoveRoomsTest" tests="3" failures="0" timestamp="18 Jan 2019 08:40:55 GMT" time="0.162" errors="0">
  <testcase name="removeRoomWhileInTheRoom" time="0.080" classname="com.egtinteractive.chat.server.tests.rooms.RemoveRoomsTest"/>
  <testcase name="incorrectRemoveRoomTest" time="0.043" classname="com.egtinteractive.chat.server.tests.rooms.RemoveRoomsTest"/>
  <testcase name="removeRoomTest" time="0.039" classname="com.egtinteractive.chat.server.tests.rooms.RemoveRoomsTest"/>
</testsuite> <!-- com.egtinteractive.chat.server.tests.rooms.RemoveRoomsTest -->
