<?xml version="1.0" encoding="UTF-8"?>
<!-- Generated by org.testng.reporters.JUnitReportReporter -->
<testsuite skipped="0" hostname="JEDUn4" name="com.egtinteractive.chat.server.tests.rooms.LeaveRoomTest" tests="2" failures="0" timestamp="18 Jan 2019 08:40:55 GMT" time="0.040" errors="0">
  <testcase name="leaveCurrentRoomTest" time="0.039" classname="com.egtinteractive.chat.server.tests.rooms.LeaveRoomTest"/>
  <testcase name="leaveWithoutCurrentRoom" time="0.001" classname="com.egtinteractive.chat.server.tests.rooms.LeaveRoomTest"/>
</testsuite> <!-- com.egtinteractive.chat.server.tests.rooms.LeaveRoomTest -->
