<?xml version="1.0" encoding="UTF-8"?>
<!-- Generated by org.testng.reporters.JUnitReportReporter -->
<testsuite skipped="0" hostname="JEDUn4" name="com.egtinteractive.chat.server.tests.stress.WriteMessageToALotOfUsersTest" tests="1" failures="0" timestamp="18 Jan 2019 08:40:55 GMT" time="7.357" errors="0">
  <testcase name="writeMessage" time="7.357" classname="com.egtinteractive.chat.server.tests.stress.WriteMessageToALotOfUsersTest"/>
</testsuite> <!-- com.egtinteractive.chat.server.tests.stress.WriteMessageToALotOfUsersTest -->
