<?xml version="1.0" encoding="UTF-8"?>
<!-- Generated by org.testng.reporters.JUnitReportReporter -->
<testsuite skipped="0" hostname="JEDUn4" name="com.egtinteractive.chat.server.tests.stress.ShowRoomsTest" tests="1" failures="0" timestamp="14 Jan 2019 09:06:26 GMT" time="0.046" errors="0">
  <testcase name="showRoomsWithoutRoomsTest" time="0.046" classname="com.egtinteractive.chat.server.tests.stress.ShowRoomsTest"/>
</testsuite> <!-- com.egtinteractive.chat.server.tests.stress.ShowRoomsTest -->
