<?xml version="1.0" encoding="UTF-8"?>
<!-- Generated by org.testng.reporters.JUnitReportReporter -->
<testsuite skipped="0" hostname="JEDUn4" name="com.egtinteractive.chat.server.stresstests.SendMessageTest" tests="1" failures="0" timestamp="10 Jan 2019 07:27:13 GMT" time="0.113" errors="0">
  <testcase name="sendMessage" time="0.113" classname="com.egtinteractive.chat.server.stresstests.SendMessageTest"/>
</testsuite> <!-- com.egtinteractive.chat.server.stresstests.SendMessageTest -->
