<?xml version="1.0" encoding="UTF-8"?>
<!-- Generated by org.testng.reporters.JUnitReportReporter -->
<testsuite skipped="0" hostname="JEDUn4" name="com.egtinteractive.chat.server.tests.showinfo.ShowUsersTest" tests="2" failures="0" timestamp="18 Jan 2019 08:40:55 GMT" time="0.086" errors="0">
  <testcase name="showUsersWithoutRoom" time="0.005" classname="com.egtinteractive.chat.server.tests.showinfo.ShowUsersTest"/>
  <testcase name="showUsersWithRoom" time="0.081" classname="com.egtinteractive.chat.server.tests.showinfo.ShowUsersTest"/>
</testsuite> <!-- com.egtinteractive.chat.server.tests.showinfo.ShowUsersTest -->
