<?xml version="1.0" encoding="UTF-8"?>
<!-- Generated by org.testng.reporters.JUnitReportReporter -->
<testsuite skipped="0" hostname="JEDUn4" name="com.egtinteractive.chat.server.tests.stress.LeaveRoomTest" tests="2" failures="0" timestamp="14 Jan 2019 10:50:21 GMT" time="0.131" errors="0">
  <testcase name="leaveWithoutCurrentRoom" time="0.041" classname="com.egtinteractive.chat.server.tests.stress.LeaveRoomTest"/>
  <testcase name="leaveCurrentRoomTest" time="0.090" classname="com.egtinteractive.chat.server.tests.stress.LeaveRoomTest"/>
</testsuite> <!-- com.egtinteractive.chat.server.tests.stress.LeaveRoomTest -->
