<?xml version="1.0" encoding="UTF-8"?>
<!-- Generated by org.testng.reporters.JUnitReportReporter -->
<testsuite skipped="0" hostname="JEDUn4" name="com.egtinteractive.chat.server.stresstests.AddRoomTest" tests="1" failures="0" timestamp="14 Jan 2019 07:49:41 GMT" time="0.043" errors="0">
  <testcase name="addRoom" time="0.043" classname="com.egtinteractive.chat.server.stresstests.AddRoomTest"/>
</testsuite> <!-- com.egtinteractive.chat.server.stresstests.AddRoomTest -->
