<?xml version="1.0" encoding="UTF-8"?>
<!-- Generated by org.testng.reporters.JUnitReportReporter -->
<testsuite skipped="0" hostname="JEDUn4" name="com.egtinteractive.chat.server.tests.sendmsg.SendMessageTest" tests="1" failures="0" timestamp="14 Jan 2019 12:00:11 GMT" time="0.085" errors="0">
  <testcase name="sendMessageToSomeUser" time="0.085" classname="com.egtinteractive.chat.server.tests.sendmsg.SendMessageTest"/>
</testsuite> <!-- com.egtinteractive.chat.server.tests.sendmsg.SendMessageTest -->
