<?xml version="1.0" encoding="UTF-8"?>
<!-- Generated by org.testng.reporters.JUnitReportReporter -->
<testsuite skipped="0" hostname="JEDUn4" name="com.egtinteractive.chat.server.tests.rooms.AddRoomWithTheSameNameTest" tests="1" failures="0" timestamp="14 Jan 2019 07:54:22 GMT" time="0.001" errors="0">
  <testcase name="addRoomWithTheSameName" time="0.001" classname="com.egtinteractive.chat.server.tests.rooms.AddRoomWithTheSameNameTest"/>
</testsuite> <!-- com.egtinteractive.chat.server.tests.rooms.AddRoomWithTheSameNameTest -->
