<?xml version="1.0" encoding="UTF-8"?>
<!-- Generated by org.testng.reporters.JUnitReportReporter -->
<testsuite skipped="0" hostname="JEDUn4" name="com.egtinteractive.chat.server.tests.server.TestConnection" tests="1" failures="0" timestamp="07 Jan 2019 14:58:48 GMT" time="0.001" errors="0">
  <testcase name="testQuitServer" time="0.001" classname="com.egtinteractive.chat.server.tests.server.TestConnection"/>
</testsuite> <!-- com.egtinteractive.chat.server.tests.server.TestConnection -->
