<?xml version="1.0" encoding="UTF-8"?>
<!-- Generated by org.testng.reporters.JUnitReportReporter -->
<testsuite skipped="0" hostname="JEDUn4" name="com.egtinteractive.chat.server.tests.stress.RemoveRoomsTest" tests="3" failures="0" timestamp="14 Jan 2019 10:59:24 GMT" time="0.286" errors="0">
  <testcase name="incorrectRemoveRoomTest" time="0.084" classname="com.egtinteractive.chat.server.tests.stress.RemoveRoomsTest"/>
  <testcase name="removeRoomTest" time="0.080" classname="com.egtinteractive.chat.server.tests.stress.RemoveRoomsTest"/>
  <testcase name="removeRoomWhileInTheRoom" time="0.122" classname="com.egtinteractive.chat.server.tests.stress.RemoveRoomsTest"/>
</testsuite> <!-- com.egtinteractive.chat.server.tests.stress.RemoveRoomsTest -->
