<?xml version="1.0" encoding="UTF-8"?>
<!-- Generated by org.testng.reporters.JUnitReportReporter -->
<testsuite skipped="0" hostname="JEDUn4" name="com.egtinteractive.chat.server.tests.stress.DelayInLeavingTest" tests="1" failures="0" timestamp="17 Jan 2019 09:48:31 GMT" time="0.089" errors="0">
  <testcase name="leavingTest" time="0.089" classname="com.egtinteractive.chat.server.tests.stress.DelayInLeavingTest"/>
</testsuite> <!-- com.egtinteractive.chat.server.tests.stress.DelayInLeavingTest -->
