<?xml version="1.0" encoding="UTF-8"?>
<!-- Generated by org.testng.reporters.JUnitReportReporter -->
<testsuite skipped="0" hostname="JEDUn4" name="com.egtinteractive.chat.server.tests.stress.ShowUsersTest" tests="2" failures="0" timestamp="14 Jan 2019 10:50:21 GMT" time="0.168" errors="0">
  <testcase name="showUsersWithRoom" time="0.124" classname="com.egtinteractive.chat.server.tests.stress.ShowUsersTest"/>
  <testcase name="showUsersWithoutRoom" time="0.044" classname="com.egtinteractive.chat.server.tests.stress.ShowUsersTest"/>
</testsuite> <!-- com.egtinteractive.chat.server.tests.stress.ShowUsersTest -->
