<?xml version="1.0" encoding="UTF-8"?>
<!-- Generated by org.testng.reporters.JUnitReportReporter -->
<testsuite skipped="0" hostname="JEDUn4" name="com.egtinteractive.chat.server.tests.stress.QuitServer" tests="1" failures="0" timestamp="14 Jan 2019 08:01:43 GMT" time="0.050" errors="0">
  <testcase name="quitServer" time="0.050" classname="com.egtinteractive.chat.server.tests.stress.QuitServer"/>
</testsuite> <!-- com.egtinteractive.chat.server.tests.stress.QuitServer -->
