<?xml version="1.0" encoding="UTF-8"?>
<!-- Generated by org.testng.reporters.JUnitReportReporter -->
<testsuite skipped="0" hostname="JEDUn4" name="com.egtinteractive.chat.server.tests.users.TestAddUsers" tests="1" failures="0" timestamp="08 Jan 2019 09:50:03 GMT" time="0.002" errors="0">
  <testcase name="addUser" time="0.002" classname="com.egtinteractive.chat.server.tests.users.TestAddUsers"/>
</testsuite> <!-- com.egtinteractive.chat.server.tests.users.TestAddUsers -->
