<?xml version="1.0" encoding="UTF-8"?>
<!-- Generated by org.testng.reporters.JUnitReportReporter -->
<testsuite skipped="0" hostname="JEDUn4" name="com.egtinteractive.chat.server.tests.rooms.TestRemoveRoom" tests="1" failures="0" timestamp="07 Jan 2019 08:08:01 GMT" time="0.010" errors="0">
  <testcase name="removeRooms" time="0.010" classname="com.egtinteractive.chat.server.tests.rooms.TestRemoveRoom"/>
</testsuite> <!-- com.egtinteractive.chat.server.tests.rooms.TestRemoveRoom -->
