<?xml version="1.0" encoding="UTF-8"?>
<!-- Generated by org.testng.reporters.JUnitReportReporter -->
<testsuite skipped="0" hostname="JEDUn4" name="com.egtinteractive.chat.server.tests.stress.QuitServerTest" tests="1" failures="0" timestamp="14 Jan 2019 10:50:21 GMT" time="0.039" errors="0">
  <testcase name="quitServerTest" time="0.039" classname="com.egtinteractive.chat.server.tests.stress.QuitServerTest"/>
</testsuite> <!-- com.egtinteractive.chat.server.tests.stress.QuitServerTest -->
