<?xml version="1.0" encoding="UTF-8"?>
<!-- Generated by org.testng.reporters.JUnitReportReporter -->
<testsuite skipped="0" hostname="JEDUn4" name="com.egtinteractive.chat.server.stresstests.SendMessageStressTest" tests="1" failures="0" timestamp="08 Jan 2019 14:45:27 GMT" time="0.208" errors="0">
  <testcase name="addRoom" time="0.208" classname="com.egtinteractive.chat.server.stresstests.SendMessageStressTest"/>
</testsuite> <!-- com.egtinteractive.chat.server.stresstests.SendMessageStressTest -->
