<?xml version="1.0" encoding="UTF-8"?>
<!-- Generated by org.testng.reporters.JUnitReportReporter -->
<testsuite skipped="0" hostname="JEDUn4" name="com.egtinteractive.chat.server.tests.stress.ConnectALotOfUsers" tests="1" failures="0" timestamp="15 Jan 2019 13:08:10 GMT" time="1.009" errors="0">
  <testcase name="connectUsers" time="1.009" classname="com.egtinteractive.chat.server.tests.stress.ConnectALotOfUsers"/>
</testsuite> <!-- com.egtinteractive.chat.server.tests.stress.ConnectALotOfUsers -->
