<?xml version="1.0" encoding="UTF-8"?>
<!-- Generated by org.testng.reporters.JUnitReportReporter -->
<testsuite skipped="0" hostname="JEDUn4" name="com.egtinteractive.chat.server.stresstests.JoinRoomTest" tests="1" failures="0" timestamp="14 Jan 2019 07:55:45 GMT" time="0.085" errors="0">
  <testcase name="addRoom" time="0.085" classname="com.egtinteractive.chat.server.stresstests.JoinRoomTest"/>
</testsuite> <!-- com.egtinteractive.chat.server.stresstests.JoinRoomTest -->
