<?xml version="1.0" encoding="UTF-8"?>
<!-- Generated by org.testng.reporters.JUnitReportReporter -->
<testsuite skipped="0" hostname="JEDUn4" name="com.egtinteractive.chat.server.tests.users.AddUsersTest" tests="1" failures="0" timestamp="09 Jan 2019 15:04:47 GMT" time="0.005" errors="0">
  <testcase name="addUser" time="0.005" classname="com.egtinteractive.chat.server.tests.users.AddUsersTest"/>
</testsuite> <!-- com.egtinteractive.chat.server.tests.users.AddUsersTest -->
