<?xml version="1.0" encoding="UTF-8"?>
<!-- Generated by org.testng.reporters.JUnitReportReporter -->
<testsuite skipped="0" hostname="JEDUn4" name="com.egtinteractive.chat.server.tests.server.QuitServerTest" tests="1" failures="0" timestamp="09 Jan 2019 15:04:47 GMT" time="0.001" errors="0">
  <testcase name="quitServer" time="0.001" classname="com.egtinteractive.chat.server.tests.server.QuitServerTest"/>
</testsuite> <!-- com.egtinteractive.chat.server.tests.server.QuitServerTest -->
