<?xml version="1.0" encoding="UTF-8"?>
<!-- Generated by org.testng.reporters.JUnitReportReporter -->
<testsuite skipped="0" hostname="JEDUn4" name="com.egtinteractive.chat.server.tests.quit.QuitServerTest" tests="1" failures="0" timestamp="18 Jan 2019 08:40:55 GMT" time="0.009" errors="0">
  <testcase name="quitServerTest" time="0.009" classname="com.egtinteractive.chat.server.tests.quit.QuitServerTest"/>
</testsuite> <!-- com.egtinteractive.chat.server.tests.quit.QuitServerTest -->
