<?xml version="1.0" encoding="UTF-8"?>
<!-- Generated by org.testng.reporters.JUnitReportReporter -->
<testsuite skipped="0" hostname="JEDUn4" name="com.egtinteractive.chat.server.stresstests.SendMessageStresstest" tests="1" failures="0" timestamp="08 Jan 2019 09:53:16 GMT" time="0.010" errors="0">
  <testcase name="sendMessageStressTest" time="0.010" classname="com.egtinteractive.chat.server.stresstests.SendMessageStresstest"/>
</testsuite> <!-- com.egtinteractive.chat.server.stresstests.SendMessageStresstest -->
